<?xml version="1.0" encoding="UTF-8"?>
<testsuite xmlns:xsi="http://www.w3.org/2001/XMLSchema-instance" xsi:noNamespaceSchemaLocation="https://maven.apache.org/surefire/maven-surefire-plugin/xsd/surefire-test-report-3.0.xsd" version="3.0" name="ie.gmit.StudentsTest" time="0.045" tests="3" errors="0" skipped="0" failures="0">
  <properties>
[...]
</properties>
  <testcase name="testConstructorNoEmail" classname="ie.gmit.StudentsTest" time="0.011"/>
  <testcase name="testConstructorNoName" classname="ie.gmit.StudentsTest" time="0.004"/>
  <testcase name="testConstructor" classname="ie.gmit.StudentsTest" time="0.002"/>
</testsuite>